{"E:\\workplace\\web-note\\vue\\vue2测试\\test\\src\\main.js": {"path":"E:\\workplace\\web-note\\vue\\vue2测试\\test\\src\\main.js","statementMap":{"0":{"start":{"line":6,"column":0},"end":{"line":6,"column":32}},"1":{"start":{"line":8,"column":0},"end":{"line":12,"column":17}},"2":{"start":{"line":11,"column":15},"end":{"line":11,"column":21}}},"fnMap":{"0":{"name":"(anonymous_0)","decl":{"start":{"line":11,"column":10},"end":{"line":11,"column":11}},"loc":{"start":{"line":11,"column":15},"end":{"line":11,"column":21}},"line":11}},"branchMap":{},"s":{"0":0,"1":0,"2":0},"f":{"0":0},"b":{},"hash":"02aa69786ebcf6d8d7cfa6fd74b8d3812e577402"}
,"E:\\workplace\\web-note\\vue\\vue2测试\\test\\src\\components\\ZhiFeiJi.vue": {"path":"E:\\workplace\\web-note\\vue\\vue2测试\\test\\src\\components\\ZhiFeiJi.vue","statementMap":{"0":{"start":{"line":20,"column":0},"end":{"line":20,"column":null}},"1":{"start":{"line":27,"column":0},"end":{"line":27,"column":null}},"2":{"start":{"line":28,"column":0},"end":{"line":28,"column":null}},"3":{"start":{"line":31,"column":0},"end":{"line":31,"column":null}},"4":{"start":{"line":35,"column":0},"end":{"line":39,"column":null}},"5":{"start":{"line":36,"column":0},"end":{"line":36,"column":null}},"6":{"start":{"line":38,"column":0},"end":{"line":38,"column":null}}},"fnMap":{"0":{"name":"(anonymous_1)","decl":{"start":{"line":19,"column":0},"end":{"line":19,"column":null}},"loc":{"start":{"line":19,"column":0},"end":{"line":25,"column":null}}},"1":{"name":"(anonymous_2)","decl":{"start":{"line":26,"column":0},"end":{"line":26,"column":null}},"loc":{"start":{"line":26,"column":0},"end":{"line":29,"column":null}}},"2":{"name":"(anonymous_3)","decl":{"start":{"line":30,"column":0},"end":{"line":30,"column":null}},"loc":{"start":{"line":30,"column":0},"end":{"line":32,"column":null}}},"3":{"name":"(anonymous_4)","decl":{"start":{"line":34,"column":0},"end":{"line":34,"column":null}},"loc":{"start":{"line":34,"column":0},"end":{"line":40,"column":null}}}},"branchMap":{"0":{"loc":{"start":{"line":35,"column":0},"end":{"line":39,"column":null}},"type":"if","locations":[{"start":{"line":35,"column":0},"end":{"line":39,"column":null}},{"start":{"line":35,"column":0},"end":{"line":39,"column":null}}]}},"s":{"0":4,"1":3,"2":3,"3":3,"4":1,"5":0,"6":1},"f":{"0":4,"1":3,"2":3,"3":1},"b":{"0":[0,1]}}
,"E:\\workplace\\web-note\\vue\\vue2测试\\test\\src\\router\\index.js": {"path":"E:\\workplace\\web-note\\vue\\vue2测试\\test\\src\\router\\index.js","statementMap":{"0":{"start":{"line":5,"column":0},"end":{"line":5,"column":18}},"1":{"start":{"line":7,"column":15},"end":{"line":21,"column":1}},"2":{"start":{"line":19,"column":21},"end":{"line":19,"column":81}},"3":{"start":{"line":23,"column":15},"end":{"line":27,"column":2}}},"fnMap":{"0":{"name":"(anonymous_0)","decl":{"start":{"line":19,"column":15},"end":{"line":19,"column":16}},"loc":{"start":{"line":19,"column":21},"end":{"line":19,"column":81}},"line":19}},"branchMap":{},"s":{"0":0,"1":0,"2":0,"3":0},"f":{"0":0},"b":{},"hash":"efcfb8823b0998c2c85e51b086fc453d1a57d4f3"}
,"E:\\workplace\\web-note\\vue\\vue2测试\\test\\src\\store\\index.js": {"path":"E:\\workplace\\web-note\\vue\\vue2测试\\test\\src\\store\\index.js","statementMap":{"0":{"start":{"line":4,"column":0},"end":{"line":4,"column":13}}},"fnMap":{},"branchMap":{},"s":{"0":0},"f":{},"b":{},"hash":"bd2c083d3ed08ac6c5de9a5508e87c7846f18b73"}
,"E:\\workplace\\web-note\\vue\\vue2测试\\test\\src\\utils\\index.js": {"path":"E:\\workplace\\web-note\\vue\\vue2测试\\test\\src\\utils\\index.js","statementMap":{"0":{"start":{"line":10,"column":4},"end":{"line":10,"column":16}}},"fnMap":{"0":{"name":"add","decl":{"start":{"line":9,"column":16},"end":{"line":9,"column":19}},"loc":{"start":{"line":9,"column":25},"end":{"line":11,"column":1}},"line":9}},"branchMap":{},"s":{"0":0},"f":{"0":0},"b":{},"hash":"6159279e04e0b07764c9074be421de81e1f455ed"}
,"E:\\workplace\\web-note\\vue\\vue2测试\\test\\src\\views\\About.vue": {"path":"E:\\workplace\\web-note\\vue\\vue2测试\\test\\src\\views\\About.vue","statementMap":{"0":{"start":{"line":10,"column":0},"end":{"line":10,"column":null}}},"fnMap":{},"branchMap":{},"s":{"0":0},"f":{},"b":{}}
,"E:\\workplace\\web-note\\vue\\vue2测试\\test\\src\\views\\Home.vue": {"path":"E:\\workplace\\web-note\\vue\\vue2测试\\test\\src\\views\\Home.vue","statementMap":{"0":{"start":{"line":10,"column":0},"end":{"line":10,"column":null}}},"fnMap":{},"branchMap":{},"s":{"0":0},"f":{},"b":{}}
}
