TN:
SF:E:\workplace\web-note\vue\vue2测试\test\src\main.js
FN:11,(anonymous_0)
FNF:1
FNH:0
FNDA:0,(anonymous_0)
DA:6,0
DA:8,0
DA:11,0
LF:3
LH:0
BRF:0
BRH:0
end_of_record
TN:
SF:E:\workplace\web-note\vue\vue2测试\test\src\components\ZhiFeiJi.vue
FN:19,(anonymous_1)
FN:26,(anonymous_2)
FN:30,(anonymous_3)
FN:34,(anonymous_4)
FNF:4
FNH:4
FNDA:4,(anonymous_1)
FNDA:3,(anonymous_2)
FNDA:3,(anonymous_3)
FNDA:1,(anonymous_4)
DA:20,4
DA:27,3
DA:28,3
DA:31,3
DA:35,1
DA:36,0
DA:38,1
LF:7
LH:6
BRDA:35,0,0,0
BRDA:35,0,1,1
BRF:2
BRH:1
end_of_record
TN:
SF:E:\workplace\web-note\vue\vue2测试\test\src\router\index.js
FN:19,(anonymous_0)
FNF:1
FNH:0
FNDA:0,(anonymous_0)
DA:5,0
DA:7,0
DA:19,0
DA:23,0
LF:4
LH:0
BRF:0
BRH:0
end_of_record
TN:
SF:E:\workplace\web-note\vue\vue2测试\test\src\store\index.js
FNF:0
FNH:0
DA:4,0
LF:1
LH:0
BRF:0
BRH:0
end_of_record
TN:
SF:E:\workplace\web-note\vue\vue2测试\test\src\utils\index.js
FN:9,add
FNF:1
FNH:0
FNDA:0,add
DA:10,0
LF:1
LH:0
BRF:0
BRH:0
end_of_record
TN:
SF:E:\workplace\web-note\vue\vue2测试\test\src\views\About.vue
FNF:0
FNH:0
DA:10,0
LF:1
LH:0
BRF:0
BRH:0
end_of_record
TN:
SF:E:\workplace\web-note\vue\vue2测试\test\src\views\Home.vue
FNF:0
FNH:0
DA:10,0
LF:1
LH:0
BRF:0
BRH:0
end_of_record
